2021-04-21 19:16:59,312 - debugLogger - INFO - /api/stocks/all => all stock data
2021-04-21 19:17:45,515 - debugLogger - INFO - /api/stocks/history => stock history of symbol: aapl, years: 1
2021-04-21 19:17:55,841 - debugLogger - INFO - /api/stocks/history => stock history of symbol: gme, years: 1
2021-04-21 19:18:01,158 - debugLogger - INFO - /api/stocks/history => stock history of symbol: c, years: 1
2021-04-21 19:18:16,282 - debugLogger - INFO - /api/stocks/all => all stock data
2021-04-21 21:23:20,324 - debugLogger - INFO - /api/stocks/all => all stock data
2021-04-21 21:23:24,323 - debugLogger - INFO - /api/stocks/all => all stock data
2021-04-21 21:42:44,651 - debugLogger - INFO - /api/stocks/all => all stock data
2021-04-21 21:43:59,370 - debugLogger - INFO - /api/stocks/all => all stock data
2021-04-21 21:43:59,525 - debugLogger - ERROR - Contoller: name 'page' is not defined
2021-04-21 21:44:18,885 - debugLogger - INFO - /api/stocks/all => all stock data
2021-04-21 21:44:19,056 - debugLogger - ERROR - Contoller: can only concatenate str (not "int") to str
2021-04-21 21:44:39,180 - debugLogger - INFO - /api/stocks/all => all stock data
2021-04-21 21:44:42,238 - debugLogger - ERROR - Contoller: index -1 is out of bounds for axis 0 with size 0
2021-04-21 21:45:39,495 - debugLogger - INFO - /api/stocks/all => all stock data
2021-04-21 21:45:42,542 - debugLogger - ERROR - Contoller: index -1 is out of bounds for axis 0 with size 0
2021-04-21 21:46:21,990 - debugLogger - INFO - /api/stocks/all => all stock data
2021-04-21 21:46:24,919 - debugLogger - ERROR - Contoller: index -1 is out of bounds for axis 0 with size 0
2021-04-21 21:46:58,268 - debugLogger - INFO - /api/stocks/all => all stock data
2021-04-21 21:47:01,311 - debugLogger - ERROR - Contoller: index -1 is out of bounds for axis 0 with size 0
2021-04-23 13:31:54,720 - debugLogger - INFO - /api/stocks/all => all stock data
2021-04-23 13:31:54,721 - debugLogger - ERROR - Route: int() argument must be a string, a bytes-like object or a number, not 'NoneType'
2021-04-23 13:32:06,124 - debugLogger - INFO - /api/stocks/all => all stock data
2021-04-23 13:32:09,016 - debugLogger - ERROR - Contoller: index -1 is out of bounds for axis 0 with size 0
2021-04-23 13:33:59,486 - debugLogger - INFO - /api/stocks/all => all stock data
2021-04-23 13:34:04,375 - debugLogger - ERROR - Contoller: index -1 is out of bounds for axis 0 with size 0
2021-04-23 13:44:33,101 - debugLogger - INFO - /api/stocks/all => all stock data
2021-04-23 14:19:10,239 - debugLogger - INFO - /api/stocks/all => all stock data
2021-04-23 14:19:21,431 - debugLogger - INFO - /api/stocks/all => all stock data
2021-04-23 14:19:32,892 - debugLogger - INFO - /api/stocks/all => all stock data
2021-04-23 14:19:46,311 - debugLogger - INFO - /api/stocks/all => all stock data
2021-04-23 14:19:59,101 - debugLogger - INFO - /api/stocks/all => all stock data
2021-04-23 14:20:12,231 - debugLogger - ERROR - Contoller: Class 'pandas.core.frame.DataFrame' is not mapped
2021-04-23 14:23:40,177 - debugLogger - INFO - /api/stocks/all => all stock data
2021-04-23 14:23:47,941 - debugLogger - ERROR - Contoller: Class 'pandas.core.frame.DataFrame' is not mapped
2021-04-23 14:25:01,473 - debugLogger - INFO - /api/stocks/all => all stock data
2021-04-23 14:25:13,884 - debugLogger - ERROR - Contoller: Class 'pandas.core.frame.DataFrame' is not mapped
2021-04-23 14:26:56,468 - debugLogger - INFO - /api/stocks/all => all stock data
2021-04-23 14:27:32,509 - debugLogger - INFO - /api/stocks/all => all stock data
2021-04-24 09:03:39,782 - debugLogger - ERROR - Route: int() argument must be a string, a bytes-like object or a number, not 'NoneType'
2021-04-24 09:04:07,433 - debugLogger - ERROR - Route: int() argument must be a string, a bytes-like object or a number, not 'NoneType'
2021-04-24 09:04:11,262 - debugLogger - ERROR - Route: int() argument must be a string, a bytes-like object or a number, not 'NoneType'
2021-04-24 09:04:12,969 - debugLogger - ERROR - Route: int() argument must be a string, a bytes-like object or a number, not 'NoneType'
2021-04-24 09:04:23,502 - debugLogger - ERROR - Route: int() argument must be a string, a bytes-like object or a number, not 'NoneType'
2021-04-24 09:04:45,250 - debugLogger - ERROR - Route: int() argument must be a string, a bytes-like object or a number, not 'NoneType'
2021-04-24 09:09:31,963 - debugLogger - ERROR - routes.py, line 25: int() argument must be a string, a bytes-like object or a number, not 'NoneType'
2021-04-24 09:12:02,378 - debugLogger - INFO - /api/stocks/history => stock history of symbol: aapl, years: 1
2021-04-24 09:12:23,606 - debugLogger - INFO - /api/stocks/current => current stock price of symbol: aapl
2021-04-24 09:12:30,192 - debugLogger - INFO - /api/stocks/all => all stock data
2021-04-24 09:12:30,192 - debugLogger - ERROR - routes.py, line 88: int() argument must be a string, a bytes-like object or a number, not 'NoneType'
2021-04-24 09:12:36,001 - debugLogger - INFO - /api/stocks/all => all stock data
2021-04-24 09:12:39,997 - debugLogger - INFO - /api/stocks/all => all stock data
2021-04-24 10:03:09,026 - debugLogger - ERROR - routes.py, line 25: int() argument must be a string, a bytes-like object or a number, not 'NoneType'
2021-04-24 10:05:04,984 - debugLogger - ERROR - app/stocks/routes.py, line 25: int() argument must be a string, a bytes-like object or a number, not 'NoneType'
2021-04-24 10:05:36,258 - debugLogger - ERROR - path - app/stocks/routes.py, line - 25: int() argument must be a string, a bytes-like object or a number, not 'NoneType'
2021-04-24 10:05:43,898 - debugLogger - ERROR - path app/stocks/routes.py, line 25: int() argument must be a string, a bytes-like object or a number, not 'NoneType'
2021-04-24 11:21:39,535 - debugLogger - ERROR - path app/user/routes.py, line 120: name 'get_user_stock_details' is not defined
2021-04-24 11:27:04,133 - debugLogger - INFO - /api/stocks/transaction => stock transaction stock_id: 1, stock_price: 10, num: 15, buy: 1
2021-04-24 11:29:32,188 - debugLogger - ERROR - path app/user/controller.py, line 170: type object 'Stock' has no attribute 'guery'
2021-04-24 11:30:18,510 - debugLogger - INFO - /api/stocks/transaction => stock transaction stock_id: 10, stock_price: 10, num: 100, buy: 1
2021-04-24 11:30:34,341 - debugLogger - INFO - /api/stocks/transaction => stock transaction stock_id: 10, stock_price: 10, num: 100, buy: 1
2021-04-24 11:31:09,884 - debugLogger - INFO - /api/stocks/transaction => stock transaction stock_id: 11, stock_price: 10, num: 100, buy: 1
2021-04-24 11:31:55,702 - debugLogger - INFO - /api/stocks/transaction => stock transaction stock_id: 1, stock_price: 10, num: 100, buy: 1
2021-04-24 11:32:29,528 - debugLogger - INFO - /api/stocks/transaction => stock transaction stock_id: 1, stock_price: 10, num: 100, buy: 1
2021-04-24 11:33:47,492 - debugLogger - INFO - /api/stocks/transaction => stock transaction stock_id: 1, stock_price: 10, num: 100, buy: 1
2021-04-24 11:34:21,982 - debugLogger - INFO - /api/stocks/transaction => stock transaction stock_id: 1, stock_price: 10, num: 100, buy: 1
2021-04-24 11:34:53,049 - debugLogger - INFO - /api/stocks/transaction => stock transaction stock_id: 1, stock_price: 10, num: 100, buy: 1
2021-04-24 11:35:38,659 - debugLogger - INFO - /api/stocks/transaction => stock transaction stock_id: 1, stock_price: 10, num: 50, buy: 1
2021-04-24 11:36:39,707 - debugLogger - INFO - /api/stocks/transaction => stock transaction stock_id: 1, stock_price: 1000, num: 50, buy: 0
2021-04-24 11:36:50,048 - debugLogger - INFO - /api/stocks/transaction => stock transaction stock_id: 1, stock_price: 1000, num: 19, buy: 0
2021-04-24 11:37:13,851 - debugLogger - INFO - /api/stocks/transaction => stock transaction stock_id: 10, stock_price: 100, num: 10, buy: 1
2021-04-24 11:37:24,982 - debugLogger - INFO - /api/stocks/transaction => stock transaction stock_id: 100, stock_price: 20, num: 40, buy: 1
2021-04-24 17:34:10,987 - debugLogger - INFO - /api/stocks/history => stock history of symbol: aapl, years: 1
2021-04-24 17:34:51,707 - debugLogger - INFO - /api/stocks/history => stock history of symbol: aapl, years: 1
2021-04-24 17:34:53,240 - debugLogger - INFO - /api/stocks/history => stock history of symbol: aapl, years: 1
